[debug] [2017-11-22T12:27:45.060Z] ----------------------------------------------------------------------
[debug] [2017-11-22T12:27:45.062Z] Command:       /usr/local/Cellar/node/6.2.1/bin/node /Users/cagatay/.npm-packages/bin/firebase deploy
[debug] [2017-11-22T12:27:45.063Z] CLI Version:   3.15.2
[debug] [2017-11-22T12:27:45.063Z] Platform:      darwin
[debug] [2017-11-22T12:27:45.063Z] Node Version:  v8.4.0
[debug] [2017-11-22T12:27:45.063Z] Time:          Wed Nov 22 2017 15:27:45 GMT+0300 (+03)
[debug] [2017-11-22T12:27:45.063Z] ----------------------------------------------------------------------
[debug] 
[debug] [2017-11-22T12:27:45.094Z] > command requires scopes: ["email","openid","https://www.googleapis.com/auth/cloudplatformprojects.readonly","https://www.googleapis.com/auth/firebase","https://www.googleapis.com/auth/cloud-platform"]
[debug] [2017-11-22T12:27:45.095Z] > authorizing via signed-in user
[debug] [2017-11-22T12:27:45.098Z] >>> HTTP REQUEST GET https://admin.firebase.com/v1/projects/nuxt-firebase-ssr  
 Wed Nov 22 2017 15:27:45 GMT+0300 (+03)
[debug] [2017-11-22T12:27:46.192Z] <<< HTTP RESPONSE 200
[debug] [2017-11-22T12:27:46.192Z] >>> HTTP REQUEST GET https://admin.firebase.com/v1/database/nuxt-firebase-ssr/tokens  
 Wed Nov 22 2017 15:27:46 GMT+0300 (+03)
[debug] [2017-11-22T12:27:46.958Z] <<< HTTP RESPONSE 200
[info] 
[info] === Deploying to 'nuxt-firebase-ssr'...
[info] 
[info] i  deploying functions, hosting
[debug] [2017-11-22T12:27:48.751Z] > [functions] package.json contents: {
  "name": "functions",
  "description": "Cloud Functions for Firebase",
  "scripts": {
    "serve": "firebase serve --only functions",
    "shell": "firebase experimental:functions:shell",
    "start": "npm run shell",
    "deploy": "firebase deploy --only functions",
    "logs": "firebase functions:log"
  },
  "dependencies": {
    "firebase-admin": "~5.4.2",
    "firebase-functions": "^0.7.1",
    "nuxt-start": "^1.0.0-rc11"
  },
  "private": true
}
[info] i  functions: ensuring necessary APIs are enabled...
[info] i  runtimeconfig: ensuring necessary APIs are enabled...
[debug] [2017-11-22T12:27:48.755Z] >>> HTTP REQUEST GET https://servicemanagement.googleapis.com/v1/services/cloudfunctions.googleapis.com/projectSettings/nuxt-firebase-ssr?view=CONSUMER_VIEW  
 Wed Nov 22 2017 15:27:48 GMT+0300 (+03)
[debug] [2017-11-22T12:27:48.759Z] >>> HTTP REQUEST GET https://servicemanagement.googleapis.com/v1/services/runtimeconfig.googleapis.com/projectSettings/nuxt-firebase-ssr?view=CONSUMER_VIEW  
 Wed Nov 22 2017 15:27:48 GMT+0300 (+03)
[debug] [2017-11-22T12:27:50.151Z] <<< HTTP RESPONSE 200
[info] ✔  runtimeconfig: all necessary APIs are enabled
[debug] [2017-11-22T12:27:50.218Z] <<< HTTP RESPONSE 200
[info] ✔  functions: all necessary APIs are enabled
[debug] [2017-11-22T12:27:50.219Z] >>> HTTP REQUEST GET https://appengine.googleapis.com/v1/apps/nuxt-firebase-ssr  
 Wed Nov 22 2017 15:27:50 GMT+0300 (+03)
[debug] [2017-11-22T12:27:50.219Z] >>> HTTP REQUEST GET https://apikeys.googleapis.com/v1/projects/nuxt-firebase-ssr/apiKeys  
 Wed Nov 22 2017 15:27:50 GMT+0300 (+03)
[debug] [2017-11-22T12:27:51.342Z] <<< HTTP RESPONSE 200
[debug] [2017-11-22T12:27:51.410Z] <<< HTTP RESPONSE 200
[info] i  functions: preparing functions directory for uploading...
[debug] [2017-11-22T12:28:05.669Z] >>> HTTP REQUEST GET https://runtimeconfig.googleapis.com/v1beta1/projects/nuxt-firebase-ssr/configs  
 Wed Nov 22 2017 15:28:05 GMT+0300 (+03)
[debug] [2017-11-22T12:28:06.765Z] <<< HTTP RESPONSE 200
[info] i  functions: packaged functions (380.96 KB) for uploading
[debug] [2017-11-22T12:28:11.467Z] >>> HTTP REQUEST GET https://www.googleapis.com/storage/v1/b/staging.nuxt-firebase-ssr.appspot.com  
 Wed Nov 22 2017 15:28:11 GMT+0300 (+03)
[debug] [2017-11-22T12:28:11.944Z] <<< HTTP RESPONSE 200
[debug] [2017-11-22T12:28:11.945Z] >>> HTTP REQUEST POST https://www.googleapis.com/upload/storage/v1/b/staging.nuxt-firebase-ssr.appspot.com/o?uploadType=media&name=firebase-functions-source ReadStream {
  _readableState: 
   ReadableState {
     objectMode: false,
     highWaterMark: 65536,
     buffer: BufferList { head: [Object], tail: [Object], length: 1 },
     length: 65536,
     pipes: null,
     pipesCount: 0,
     flowing: null,
     ended: false,
     endEmitted: false,
     reading: false,
     sync: false,
     needReadable: false,
     emittedReadable: true,
     readableListening: false,
     resumeScheduled: false,
     destroyed: false,
     defaultEncoding: 'utf8',
     awaitDrain: 0,
     readingMore: false,
     decoder: null,
     encoding: null },
  readable: true,
  domain: null,
  _events: { end: [Function] },
  _eventsCount: 1,
  _maxListeners: undefined,
  path: '/var/folders/s3/_j2hsbv11bq51tj8_c2h8k580000gn/T/firebase-functions-9733O8D8qb0GMwF9.zip',
  fd: 18,
  flags: 'r',
  mode: 438,
  start: undefined,
  end: undefined,
  autoClose: true,
  pos: undefined,
  bytesRead: 65536 } 
 Wed Nov 22 2017 15:28:11 GMT+0300 (+03)
[debug] [2017-11-22T12:28:18.618Z] <<< HTTP RESPONSE 200
[info] ✔  functions: functions folder uploaded successfully
[info] i  hosting: preparing dist directory for upload...
[debug] [2017-11-22T12:28:18.697Z] >>> HTTP REQUEST PUT https://deploy.firebase.com/v1/hosting/nuxt-firebase-ssr/uploads/-KzYghuRHFKvjs3NEdyO?fileCount=15&message=  
 Wed Nov 22 2017 15:28:18 GMT+0300 (+03)
[debug] [2017-11-22T12:28:22.633Z] <<< HTTP RESPONSE 200
[debug] [2017-11-22T12:28:22.633Z] [hosting] .tgz uploaded successfully, waiting for extraction
[info] ✔  hosting: 15 files uploaded successfully
[debug] [2017-11-22T12:28:23.759Z] >>> HTTP REQUEST GET https://cloudfunctions.googleapis.com/v1/projects/nuxt-firebase-ssr/locations/us-central1/functions  
 Wed Nov 22 2017 15:28:23 GMT+0300 (+03)
[debug] [2017-11-22T12:28:24.662Z] <<< HTTP RESPONSE 200
[info] i  functions: creating function app...
[debug] [2017-11-22T12:28:24.664Z] Trigger is: 
[debug] [2017-11-22T12:28:24.666Z] >>> HTTP REQUEST POST https://cloudfunctions.googleapis.com/v1/projects/nuxt-firebase-ssr/locations/us-central1/functions { sourceArchiveUrl: 'gs://staging.nuxt-firebase-ssr.appspot.com/firebase-functions-source',
  name: 'projects/nuxt-firebase-ssr/locations/us-central1/functions/app',
  entryPoint: 'app',
  labels: { 'deployment-tool': 'cli-firebase' },
  httpsTrigger: {} } 
 Wed Nov 22 2017 15:28:24 GMT+0300 (+03)
[debug] [2017-11-22T12:28:25.128Z] <<< HTTP RESPONSE 200
[debug] [2017-11-22T12:28:25.130Z] >>> HTTP REQUEST GET https://cloudfunctions.googleapis.com/v1/projects/nuxt-firebase-ssr/locations/us-central1/functions  
 Wed Nov 22 2017 15:28:25 GMT+0300 (+03)
[debug] [2017-11-22T12:28:25.474Z] <<< HTTP RESPONSE 200
[debug] [2017-11-22T12:28:25.477Z] >>> HTTP REQUEST GET https://cloudfunctions.googleapis.com/v1/operations/bnV4dC1maXJlYmFzZS1zc3IvdXMtY2VudHJhbDEvYXBwL1d6WlZ3QUozdjNn  
 Wed Nov 22 2017 15:28:25 GMT+0300 (+03)
[debug] [2017-11-22T12:28:25.813Z] <<< HTTP RESPONSE 200
[debug] [2017-11-22T12:28:27.814Z] >>> HTTP REQUEST GET https://cloudfunctions.googleapis.com/v1/operations/bnV4dC1maXJlYmFzZS1zc3IvdXMtY2VudHJhbDEvYXBwL1d6WlZ3QUozdjNn  
 Wed Nov 22 2017 15:28:27 GMT+0300 (+03)
[debug] [2017-11-22T12:28:28.189Z] <<< HTTP RESPONSE 200
[debug] [2017-11-22T12:28:30.193Z] >>> HTTP REQUEST GET https://cloudfunctions.googleapis.com/v1/operations/bnV4dC1maXJlYmFzZS1zc3IvdXMtY2VudHJhbDEvYXBwL1d6WlZ3QUozdjNn  
 Wed Nov 22 2017 15:28:30 GMT+0300 (+03)
[debug] [2017-11-22T12:28:30.658Z] <<< HTTP RESPONSE 200
[debug] [2017-11-22T12:28:32.660Z] >>> HTTP REQUEST GET https://cloudfunctions.googleapis.com/v1/operations/bnV4dC1maXJlYmFzZS1zc3IvdXMtY2VudHJhbDEvYXBwL1d6WlZ3QUozdjNn  
 Wed Nov 22 2017 15:28:32 GMT+0300 (+03)
[debug] [2017-11-22T12:28:33.025Z] <<< HTTP RESPONSE 200
[debug] [2017-11-22T12:28:35.030Z] >>> HTTP REQUEST GET https://cloudfunctions.googleapis.com/v1/operations/bnV4dC1maXJlYmFzZS1zc3IvdXMtY2VudHJhbDEvYXBwL1d6WlZ3QUozdjNn  
 Wed Nov 22 2017 15:28:35 GMT+0300 (+03)
[debug] [2017-11-22T12:28:35.343Z] <<< HTTP RESPONSE 200
[debug] [2017-11-22T12:28:37.348Z] >>> HTTP REQUEST GET https://cloudfunctions.googleapis.com/v1/operations/bnV4dC1maXJlYmFzZS1zc3IvdXMtY2VudHJhbDEvYXBwL1d6WlZ3QUozdjNn  
 Wed Nov 22 2017 15:28:37 GMT+0300 (+03)
[debug] [2017-11-22T12:28:37.673Z] <<< HTTP RESPONSE 200
[debug] [2017-11-22T12:28:39.678Z] >>> HTTP REQUEST GET https://cloudfunctions.googleapis.com/v1/operations/bnV4dC1maXJlYmFzZS1zc3IvdXMtY2VudHJhbDEvYXBwL1d6WlZ3QUozdjNn  
 Wed Nov 22 2017 15:28:39 GMT+0300 (+03)
[debug] [2017-11-22T12:28:40.019Z] <<< HTTP RESPONSE 200
[debug] [2017-11-22T12:28:42.022Z] >>> HTTP REQUEST GET https://cloudfunctions.googleapis.com/v1/operations/bnV4dC1maXJlYmFzZS1zc3IvdXMtY2VudHJhbDEvYXBwL1d6WlZ3QUozdjNn  
 Wed Nov 22 2017 15:28:42 GMT+0300 (+03)
[debug] [2017-11-22T12:28:42.382Z] <<< HTTP RESPONSE 200
[debug] [2017-11-22T12:28:44.383Z] >>> HTTP REQUEST GET https://cloudfunctions.googleapis.com/v1/operations/bnV4dC1maXJlYmFzZS1zc3IvdXMtY2VudHJhbDEvYXBwL1d6WlZ3QUozdjNn  
 Wed Nov 22 2017 15:28:44 GMT+0300 (+03)
[debug] [2017-11-22T12:28:44.728Z] <<< HTTP RESPONSE 200
[debug] [2017-11-22T12:28:46.730Z] >>> HTTP REQUEST GET https://cloudfunctions.googleapis.com/v1/operations/bnV4dC1maXJlYmFzZS1zc3IvdXMtY2VudHJhbDEvYXBwL1d6WlZ3QUozdjNn  
 Wed Nov 22 2017 15:28:46 GMT+0300 (+03)
[debug] [2017-11-22T12:28:47.073Z] <<< HTTP RESPONSE 200
[debug] [2017-11-22T12:28:49.076Z] >>> HTTP REQUEST GET https://cloudfunctions.googleapis.com/v1/operations/bnV4dC1maXJlYmFzZS1zc3IvdXMtY2VudHJhbDEvYXBwL1d6WlZ3QUozdjNn  
 Wed Nov 22 2017 15:28:49 GMT+0300 (+03)
[debug] [2017-11-22T12:28:49.438Z] <<< HTTP RESPONSE 200
[debug] [2017-11-22T12:28:51.443Z] >>> HTTP REQUEST GET https://cloudfunctions.googleapis.com/v1/operations/bnV4dC1maXJlYmFzZS1zc3IvdXMtY2VudHJhbDEvYXBwL1d6WlZ3QUozdjNn  
 Wed Nov 22 2017 15:28:51 GMT+0300 (+03)
[debug] [2017-11-22T12:28:51.933Z] <<< HTTP RESPONSE 200
[debug] [2017-11-22T12:28:53.937Z] >>> HTTP REQUEST GET https://cloudfunctions.googleapis.com/v1/operations/bnV4dC1maXJlYmFzZS1zc3IvdXMtY2VudHJhbDEvYXBwL1d6WlZ3QUozdjNn  
 Wed Nov 22 2017 15:28:53 GMT+0300 (+03)
[debug] [2017-11-22T12:28:54.458Z] <<< HTTP RESPONSE 200
